# JRE version: OpenJDK Runtime Environment Temurin-21.0.9+10 (21.0.9+10) (build 21.0.9+10-LTS)
# Java VM: OpenJDK 64-Bit Server VM Temurin-21.0.9+10 (21.0.9+10-LTS, mixed mode, sharing, tiered, compressed oops, compressed class ptrs, parallel gc, windows-amd64)
GC Precious Log:
 CardTable entry size: 512
 CPUs: 8 total, 8 available
 Memory: 16230M
 Large Page Support: Disabled
 NUMA Support: Disabled
 Compressed Oops: Enabled (32-bit)
 Alignments: Space 512K, Generation 512K, Heap 2M
 Heap Min Capacity: 100M
 Heap Initial Capacity: 100M
 Heap Max Capacity: 2G
 Pre-touch: Disabled
 Parallel Workers: 8
Heap:
 PSYoungGen      total 4608K, used 822K [0x00000000d5580000, 0x00000000d5b00000, 0x0000000100000000)
  eden space 4096K, 13% used [0x00000000d5580000,0x00000000d5605af0,0x00000000d5980000)
  from space 512K, 56% used [0x00000000d5a80000,0x00000000d5ac8000,0x00000000d5b00000)
  to   space 512K, 0% used [0x00000000d5a00000,0x00000000d5a00000,0x00000000d5a80000)
 ParOldGen       total 174592K, used 174366K [0x0000000080000000, 0x000000008aa80000, 0x00000000d5580000)
  object space 174592K, 99% used [0x0000000080000000,0x000000008aa47ae0,0x000000008aa80000)
 Metaspace       used 78855K, committed 80640K, reserved 1179648K
  class space    used 8179K, committed 8960K, reserved 1048576K
GC Heap History (20 events):
Event: 1636.883 GC heap before
{Heap before GC invocations=456 (full 3):
 PSYoungGen      total 4608K, used 4416K [0x00000000d5580000, 0x00000000d5b80000, 0x0000000100000000)
  eden space 4096K, 100% used [0x00000000d5580000,0x00000000d5980000,0x00000000d5980000)
  from space 512K, 62% used [0x00000000d5b00000,0x00000000d5b50230,0x00000000d5b80000)
  to   space 512K, 0% used [0x00000000d5980000,0x00000000d5980000,0x00000000d5a00000)
 ParOldGen       total 173056K, used 172676K [0x0000000080000000, 0x000000008a900000, 0x00000000d5580000)
  object space 173056K, 99% used [0x0000000080000000,0x000000008a8a13c8,0x000000008a900000)
 Metaspace       used 77708K, committed 79424K, reserved 1179648K
  class space    used 8081K, committed 8832K, reserved 1048576K
}
Event: 1636.884 GC heap after
{Heap after GC invocations=456 (full 3):
 PSYoungGen      total 4608K, used 267K [0x00000000d5580000, 0x00000000d5b80000, 0x0000000100000000)
  eden space 4096K, 0% used [0x00000000d5580000,0x00000000d5580000,0x00000000d5980000)
  from space 512K, 52% used [0x00000000d5980000,0x00000000d59c2fb0,0x00000000d5a00000)
  to   space 512K, 0% used [0x00000000d5b00000,0x00000000d5b00000,0x00000000d5b80000)
 ParOldGen       total 173056K, used 172732K [0x0000000080000000, 0x000000008a900000, 0x00000000d5580000)
  object space 173056K, 99% used [0x0000000080000000,0x000000008a8af3c8,0x000000008a900000)
 Metaspace       used 77708K, committed 79424K, reserved 1179648K
  class space    used 8081K, committed 8832K, reserved 1048576K
}
Event: 1636.890 GC heap before
{Heap before GC invocations=457 (full 3):
 PSYoungGen      total 4608K, used 4363K [0x00000000d5580000, 0x00000000d5b80000, 0x0000000100000000)
  eden space 4096K, 100% used [0x00000000d5580000,0x00000000d5980000,0x00000000d5980000)
  from space 512K, 52% used [0x00000000d5980000,0x00000000d59c2fb0,0x00000000d5a00000)
  to   space 512K, 0% used [0x00000000d5b00000,0x00000000d5b00000,0x00000000d5b80000)
 ParOldGen       total 173056K, used 172732K [0x0000000080000000, 0x000000008a900000, 0x00000000d5580000)
  object space 173056K, 99% used [0x0000000080000000,0x000000008a8af3c8,0x000000008a900000)
 Metaspace       used 77708K, committed 79424K, reserved 1179648K
  class space    used 8081K, committed 8832K, reserved 1048576K
}
Event: 1636.890 GC heap after
{Heap after GC invocations=457 (full 3):
 PSYoungGen      total 4608K, used 256K [0x00000000d5580000, 0x00000000d5b80000, 0x0000000100000000)
  eden space 4096K, 0% used [0x00000000d5580000,0x00000000d5580000,0x00000000d5980000)
  from space 512K, 50% used [0x00000000d5b00000,0x00000000d5b40000,0x00000000d5b80000)
  to   space 512K, 0% used [0x00000000d5980000,0x00000000d5980000,0x00000000d5a00000)
 ParOldGen       total 173056K, used 172788K [0x0000000080000000, 0x000000008a900000, 0x00000000d5580000)
  object space 173056K, 99% used [0x0000000080000000,0x000000008a8bd3c8,0x000000008a900000)
 Metaspace       used 77708K, committed 79424K, reserved 1179648K
  class space    used 8081K, committed 8832K, reserved 1048576K
}
Event: 1636.895 GC heap before
{Heap before GC invocations=458 (full 3):
 PSYoungGen      total 4608K, used 4352K [0x00000000d5580000, 0x00000000d5b80000, 0x0000000100000000)
  eden space 4096K, 100% used [0x00000000d5580000,0x00000000d5980000,0x00000000d5980000)
  from space 512K, 50% used [0x00000000d5b00000,0x00000000d5b40000,0x00000000d5b80000)
  to   space 512K, 0% used [0x00000000d5980000,0x00000000d5980000,0x00000000d5a00000)
 ParOldGen       total 173056K, used 172788K [0x0000000080000000, 0x000000008a900000, 0x00000000d5580000)
  object space 173056K, 99% used [0x0000000080000000,0x000000008a8bd3c8,0x000000008a900000)
 Metaspace       used 77708K, committed 79424K, reserved 1179648K
  class space    used 8081K, committed 8832K, reserved 1048576K
}
Event: 1636.896 GC heap after
{Heap after GC invocations=458 (full 3):
 PSYoungGen      total 4608K, used 303K [0x00000000d5580000, 0x00000000d5b80000, 0x0000000100000000)
  eden space 4096K, 0% used [0x00000000d5580000,0x00000000d5580000,0x00000000d5980000)
  from space 512K, 59% used [0x00000000d5980000,0x00000000d59cbe18,0x00000000d5a00000)
  to   space 512K, 0% used [0x00000000d5b00000,0x00000000d5b00000,0x00000000d5b80000)
 ParOldGen       total 173056K, used 172836K [0x0000000080000000, 0x000000008a900000, 0x00000000d5580000)
  object space 173056K, 99% used [0x0000000080000000,0x000000008a8c93c8,0x000000008a900000)
 Metaspace       used 77708K, committed 79424K, reserved 1179648K
  class space    used 8081K, committed 8832K, reserved 1048576K
}
Event: 1636.903 GC heap before
{Heap before GC invocations=459 (full 3):
 PSYoungGen      total 4608K, used 4399K [0x00000000d5580000, 0x00000000d5b80000, 0x0000000100000000)
  eden space 4096K, 100% used [0x00000000d5580000,0x00000000d5980000,0x00000000d5980000)
  from space 512K, 59% used [0x00000000d5980000,0x00000000d59cbe18,0x00000000d5a00000)
  to   space 512K, 0% used [0x00000000d5b00000,0x00000000d5b00000,0x00000000d5b80000)
 ParOldGen       total 173056K, used 172836K [0x0000000080000000, 0x000000008a900000, 0x00000000d5580000)
  object space 173056K, 99% used [0x0000000080000000,0x000000008a8c93c8,0x000000008a900000)
 Metaspace       used 77708K, committed 79424K, reserved 1179648K
  class space    used 8081K, committed 8832K, reserved 1048576K
}
Event: 1636.904 GC heap after
{Heap after GC invocations=459 (full 3):
 PSYoungGen      total 4608K, used 224K [0x00000000d5580000, 0x00000000d5b80000, 0x0000000100000000)
  eden space 4096K, 0% used [0x00000000d5580000,0x00000000d5580000,0x00000000d5980000)
  from space 512K, 43% used [0x00000000d5b00000,0x00000000d5b38000,0x00000000d5b80000)
  to   space 512K, 0% used [0x00000000d5980000,0x00000000d5980000,0x00000000d5a00000)
 ParOldGen       total 173056K, used 172876K [0x0000000080000000, 0x000000008a900000, 0x00000000d5580000)
  object space 173056K, 99% used [0x0000000080000000,0x000000008a8d33c8,0x000000008a900000)
 Metaspace       used 77708K, committed 79424K, reserved 1179648K
  class space    used 8081K, committed 8832K, reserved 1048576K
}
Event: 1636.941 GC heap before
{Heap before GC invocations=460 (full 3):
 PSYoungGen      total 4608K, used 4320K [0x00000000d5580000, 0x00000000d5b80000, 0x0000000100000000)
  eden space 4096K, 100% used [0x00000000d5580000,0x00000000d5980000,0x00000000d5980000)
  from space 512K, 43% used [0x00000000d5b00000,0x00000000d5b38000,0x00000000d5b80000)
  to   space 512K, 0% used [0x00000000d5980000,0x00000000d5980000,0x00000000d5a00000)
 ParOldGen       total 173056K, used 172876K [0x0000000080000000, 0x000000008a900000, 0x00000000d5580000)
  object space 173056K, 99% used [0x0000000080000000,0x000000008a8d33c8,0x000000008a900000)
 Metaspace       used 77799K, committed 79552K, reserved 1179648K
  class space    used 8093K, committed 8832K, reserved 1048576K
}
Event: 1636.943 GC heap after
{Heap after GC invocations=460 (full 3):
 PSYoungGen      total 4608K, used 482K [0x00000000d5580000, 0x00000000d5b80000, 0x0000000100000000)
  eden space 4096K, 0% used [0x00000000d5580000,0x00000000d5580000,0x00000000d5980000)
  from space 512K, 94% used [0x00000000d5980000,0x00000000d59f8ac0,0x00000000d5a00000)
  to   space 1024K, 0% used [0x00000000d5a80000,0x00000000d5a80000,0x00000000d5b80000)
 ParOldGen       total 173056K, used 173028K [0x0000000080000000, 0x000000008a900000, 0x00000000d5580000)
  object space 173056K, 99% used [0x0000000080000000,0x000000008a8f93c8,0x000000008a900000)
 Metaspace       used 77799K, committed 79552K, reserved 1179648K
  class space    used 8093K, committed 8832K, reserved 1048576K
}
Event: 1637.009 GC heap before
{Heap before GC invocations=461 (full 3):
 PSYoungGen      total 4608K, used 4578K [0x00000000d5580000, 0x00000000d5b80000, 0x0000000100000000)
  eden space 4096K, 100% used [0x00000000d5580000,0x00000000d5980000,0x00000000d5980000)
  from space 512K, 94% used [0x00000000d5980000,0x00000000d59f8ac0,0x00000000d5a00000)
  to   space 1024K, 0% used [0x00000000d5a80000,0x00000000d5a80000,0x00000000d5b80000)
 ParOldGen       total 173056K, used 173028K [0x0000000080000000, 0x000000008a900000, 0x00000000d5580000)
  object space 173056K, 99% used [0x0000000080000000,0x000000008a8f93c8,0x000000008a900000)
 Metaspace       used 78170K, committed 79936K, reserved 1179648K
  class space    used 8114K, committed 8896K, reserved 1048576K
}
Event: 1637.010 GC heap after
{Heap after GC invocations=461 (full 3):
 PSYoungGen      total 5120K, used 848K [0x00000000d5580000, 0x00000000d5b80000, 0x0000000100000000)
  eden space 4096K, 0% used [0x00000000d5580000,0x00000000d5580000,0x00000000d5980000)
  from space 1024K, 82% used [0x00000000d5a80000,0x00000000d5b54010,0x00000000d5b80000)
  to   space 1024K, 0% used [0x00000000d5980000,0x00000000d5980000,0x00000000d5a80000)
 ParOldGen       total 173568K, used 173324K [0x0000000080000000, 0x000000008a980000, 0x00000000d5580000)
  object space 173568K, 99% used [0x0000000080000000,0x000000008a9433c8,0x000000008a980000)
 Metaspace       used 78170K, committed 79936K, reserved 1179648K
  class space    used 8114K, committed 8896K, reserved 1048576K
}
Event: 1637.044 GC heap before
{Heap before GC invocations=462 (full 3):
 PSYoungGen      total 5120K, used 4944K [0x00000000d5580000, 0x00000000d5b80000, 0x0000000100000000)
  eden space 4096K, 100% used [0x00000000d5580000,0x00000000d5980000,0x00000000d5980000)
  from space 1024K, 82% used [0x00000000d5a80000,0x00000000d5b54010,0x00000000d5b80000)
  to   space 1024K, 0% used [0x00000000d5980000,0x00000000d5980000,0x00000000d5a80000)
 ParOldGen       total 173568K, used 173324K [0x0000000080000000, 0x000000008a980000, 0x00000000d5580000)
  object space 173568K, 99% used [0x0000000080000000,0x000000008a9433c8,0x000000008a980000)
 Metaspace       used 78200K, committed 79936K, reserved 1179648K
  class space    used 8119K, committed 8896K, reserved 1048576K
}
Event: 1637.046 GC heap after
{Heap after GC invocations=462 (full 3):
 PSYoungGen      total 5120K, used 640K [0x00000000d5580000, 0x00000000d5b80000, 0x0000000100000000)
  eden space 4096K, 0% used [0x00000000d5580000,0x00000000d5580000,0x00000000d5980000)
  from space 1024K, 62% used [0x00000000d5980000,0x00000000d5a20000,0x00000000d5a80000)
  to   space 1024K, 0% used [0x00000000d5a80000,0x00000000d5a80000,0x00000000d5b80000)
 ParOldGen       total 174080K, used 173929K [0x0000000080000000, 0x000000008aa00000, 0x00000000d5580000)
  object space 174080K, 99% used [0x0000000080000000,0x000000008a9da4e8,0x000000008aa00000)
 Metaspace       used 78200K, committed 79936K, reserved 1179648K
  class space    used 8119K, committed 8896K, reserved 1048576K
}
Event: 1637.090 GC heap before
{Heap before GC invocations=463 (full 3):
 PSYoungGen      total 5120K, used 4736K [0x00000000d5580000, 0x00000000d5b80000, 0x0000000100000000)
  eden space 4096K, 100% used [0x00000000d5580000,0x00000000d5980000,0x00000000d5980000)
  from space 1024K, 62% used [0x00000000d5980000,0x00000000d5a20000,0x00000000d5a80000)
  to   space 1024K, 0% used [0x00000000d5a80000,0x00000000d5a80000,0x00000000d5b80000)
 ParOldGen       total 174080K, used 173929K [0x0000000080000000, 0x000000008aa00000, 0x00000000d5580000)
  object space 174080K, 99% used [0x0000000080000000,0x000000008a9da4e8,0x000000008aa00000)
 Metaspace       used 78481K, committed 80256K, reserved 1179648K
  class space    used 8148K, committed 8896K, reserved 1048576K
}
Event: 1637.091 GC heap after
{Heap after GC invocations=463 (full 3):
 PSYoungGen      total 4608K, used 288K [0x00000000d5580000, 0x00000000d5b00000, 0x0000000100000000)
  eden space 4096K, 0% used [0x00000000d5580000,0x00000000d5580000,0x00000000d5980000)
  from space 512K, 56% used [0x00000000d5a80000,0x00000000d5ac8000,0x00000000d5b00000)
  to   space 512K, 0% used [0x00000000d5a00000,0x00000000d5a00000,0x00000000d5a80000)
 ParOldGen       total 174592K, used 174142K [0x0000000080000000, 0x000000008aa80000, 0x00000000d5580000)
  object space 174592K, 99% used [0x0000000080000000,0x000000008aa0fad0,0x000000008aa80000)
 Metaspace       used 78481K, committed 80256K, reserved 1179648K
  class space    used 8148K, committed 8896K, reserved 1048576K
}
Event: 1637.109 GC heap before
{Heap before GC invocations=464 (full 3):
 PSYoungGen      total 4608K, used 4384K [0x00000000d5580000, 0x00000000d5b00000, 0x0000000100000000)
  eden space 4096K, 100% used [0x00000000d5580000,0x00000000d5980000,0x00000000d5980000)
  from space 512K, 56% used [0x00000000d5a80000,0x00000000d5ac8000,0x00000000d5b00000)
  to   space 512K, 0% used [0x00000000d5a00000,0x00000000d5a00000,0x00000000d5a80000)
 ParOldGen       total 174592K, used 174142K [0x0000000080000000, 0x000000008aa80000, 0x00000000d5580000)
  object space 174592K, 99% used [0x0000000080000000,0x000000008aa0fad0,0x000000008aa80000)
 Metaspace       used 78494K, committed 80256K, reserved 1179648K
  class space    used 8149K, committed 8896K, reserved 1048576K
}
Event: 1637.111 GC heap after
{Heap after GC invocations=464 (full 3):
 PSYoungGen      total 4608K, used 224K [0x00000000d5580000, 0x00000000d5b00000, 0x0000000100000000)
  eden space 4096K, 0% used [0x00000000d5580000,0x00000000d5580000,0x00000000d5980000)
  from space 512K, 43% used [0x00000000d5a00000,0x00000000d5a38000,0x00000000d5a80000)
  to   space 512K, 0% used [0x00000000d5a80000,0x00000000d5a80000,0x00000000d5b00000)
 ParOldGen       total 174592K, used 174286K [0x0000000080000000, 0x000000008aa80000, 0x00000000d5580000)
  object space 174592K, 99% used [0x0000000080000000,0x000000008aa33ae0,0x000000008aa80000)
 Metaspace       used 78494K, committed 80256K, reserved 1179648K
  class space    used 8149K, committed 8896K, reserved 1048576K
}
Event: 1784.705 GC heap before
{Heap before GC invocations=465 (full 3):
 PSYoungGen      total 4608K, used 4319K [0x00000000d5580000, 0x00000000d5b00000, 0x0000000100000000)
  eden space 4096K, 99% used [0x00000000d5580000,0x00000000d597fff8,0x00000000d5980000)
  from space 512K, 43% used [0x00000000d5a00000,0x00000000d5a38000,0x00000000d5a80000)
  to   space 512K, 0% used [0x00000000d5a80000,0x00000000d5a80000,0x00000000d5b00000)
 ParOldGen       total 174592K, used 174286K [0x0000000080000000, 0x000000008aa80000, 0x00000000d5580000)
  object space 174592K, 99% used [0x0000000080000000,0x000000008aa33ae0,0x000000008aa80000)
 Metaspace       used 78817K, committed 80576K, reserved 1179648K
  class space    used 8179K, committed 8960K, reserved 1048576K
}
Event: 1784.707 GC heap after
{Heap after GC invocations=465 (full 3):
 PSYoungGen      total 4608K, used 288K [0x00000000d5580000, 0x00000000d5b00000, 0x0000000100000000)
  eden space 4096K, 0% used [0x00000000d5580000,0x00000000d5580000,0x00000000d5980000)
  from space 512K, 56% used [0x00000000d5a80000,0x00000000d5ac8000,0x00000000d5b00000)
  to   space 512K, 0% used [0x00000000d5a00000,0x00000000d5a00000,0x00000000d5a80000)
 ParOldGen       total 174592K, used 174366K [0x0000000080000000, 0x000000008aa80000, 0x00000000d5580000)
  object space 174592K, 99% used [0x0000000080000000,0x000000008aa47ae0,0x000000008aa80000)
 Metaspace       used 78817K, committed 80576K, reserved 1179648K
  class space    used 8179K, committed 8960K, reserved 1048576K
}

