# JRE version: OpenJDK Runtime Environment Temurin-21.0.9+10 (21.0.9+10) (build 21.0.9+10-LTS)
# Java VM: OpenJDK 64-Bit Server VM Temurin-21.0.9+10 (21.0.9+10-LTS, mixed mode, sharing, tiered, compressed oops, compressed class ptrs, parallel gc, windows-amd64)
GC Precious Log:
 CardTable entry size: 512
 CPUs: 8 total, 8 available
 Memory: 16230M
 Large Page Support: Disabled
 NUMA Support: Disabled
 Compressed Oops: Enabled (32-bit)
 Alignments: Space 512K, Generation 512K, Heap 2M
 Heap Min Capacity: 100M
 Heap Initial Capacity: 100M
 Heap Max Capacity: 2G
 Pre-touch: Disabled
 Parallel Workers: 8
Heap:
 PSYoungGen      total 12800K, used 8274K [0x00000000d5580000, 0x00000000d6380000, 0x0000000100000000)
  eden space 11264K, 63% used [0x00000000d5580000,0x00000000d5c74bd8,0x00000000d6080000)
  from space 1536K, 75% used [0x00000000d6080000,0x00000000d61a0010,0x00000000d6200000)
  to   space 1536K, 0% used [0x00000000d6200000,0x00000000d6200000,0x00000000d6380000)
 ParOldGen       total 70656K, used 65390K [0x0000000080000000, 0x0000000084500000, 0x00000000d5580000)
  object space 70656K, 92% used [0x0000000080000000,0x0000000083fdba08,0x0000000084500000)
 Metaspace       used 61352K, committed 62784K, reserved 1114112K
  class space    used 6551K, committed 7168K, reserved 1048576K
GC Heap History (20 events):
Event: 96.281 GC heap before
{Heap before GC invocations=87 (full 3):
 PSYoungGen      total 13312K, used 12983K [0x00000000d5580000, 0x00000000d6380000, 0x0000000100000000)
  eden space 12288K, 100% used [0x00000000d5580000,0x00000000d6180000,0x00000000d6180000)
  from space 1024K, 67% used [0x00000000d6180000,0x00000000d622df00,0x00000000d6280000)
  to   space 1024K, 0% used [0x00000000d6280000,0x00000000d6280000,0x00000000d6380000)
 ParOldGen       total 70656K, used 58019K [0x0000000080000000, 0x0000000084500000, 0x00000000d5580000)
  object space 70656K, 82% used [0x0000000080000000,0x00000000838a8e18,0x0000000084500000)
 Metaspace       used 59960K, committed 61376K, reserved 1114112K
  class space    used 6408K, committed 6976K, reserved 1048576K
}
Event: 96.284 GC heap after
{Heap after GC invocations=87 (full 3):
 PSYoungGen      total 13312K, used 697K [0x00000000d5580000, 0x00000000d6380000, 0x0000000100000000)
  eden space 12288K, 0% used [0x00000000d5580000,0x00000000d5580000,0x00000000d6180000)
  from space 1024K, 68% used [0x00000000d6280000,0x00000000d632e5e0,0x00000000d6380000)
  to   space 1024K, 0% used [0x00000000d6180000,0x00000000d6180000,0x00000000d6280000)
 ParOldGen       total 70656K, used 58597K [0x0000000080000000, 0x0000000084500000, 0x00000000d5580000)
  object space 70656K, 82% used [0x0000000080000000,0x0000000083939740,0x0000000084500000)
 Metaspace       used 59960K, committed 61376K, reserved 1114112K
  class space    used 6408K, committed 6976K, reserved 1048576K
}
Event: 96.338 GC heap before
{Heap before GC invocations=88 (full 3):
 PSYoungGen      total 13312K, used 12985K [0x00000000d5580000, 0x00000000d6380000, 0x0000000100000000)
  eden space 12288K, 100% used [0x00000000d5580000,0x00000000d6180000,0x00000000d6180000)
  from space 1024K, 68% used [0x00000000d6280000,0x00000000d632e5e0,0x00000000d6380000)
  to   space 1024K, 0% used [0x00000000d6180000,0x00000000d6180000,0x00000000d6280000)
 ParOldGen       total 70656K, used 58597K [0x0000000080000000, 0x0000000084500000, 0x00000000d5580000)
  object space 70656K, 82% used [0x0000000080000000,0x0000000083939740,0x0000000084500000)
 Metaspace       used 59960K, committed 61376K, reserved 1114112K
  class space    used 6408K, committed 6976K, reserved 1048576K
}
Event: 96.340 GC heap after
{Heap after GC invocations=88 (full 3):
 PSYoungGen      total 13312K, used 746K [0x00000000d5580000, 0x00000000d6380000, 0x0000000100000000)
  eden space 12288K, 0% used [0x00000000d5580000,0x00000000d5580000,0x00000000d6180000)
  from space 1024K, 72% used [0x00000000d6180000,0x00000000d623a918,0x00000000d6280000)
  to   space 1024K, 0% used [0x00000000d6280000,0x00000000d6280000,0x00000000d6380000)
 ParOldGen       total 70656K, used 59182K [0x0000000080000000, 0x0000000084500000, 0x00000000d5580000)
  object space 70656K, 83% used [0x0000000080000000,0x00000000839cb9a0,0x0000000084500000)
 Metaspace       used 59960K, committed 61376K, reserved 1114112K
  class space    used 6408K, committed 6976K, reserved 1048576K
}
Event: 96.395 GC heap before
{Heap before GC invocations=89 (full 3):
 PSYoungGen      total 13312K, used 13034K [0x00000000d5580000, 0x00000000d6380000, 0x0000000100000000)
  eden space 12288K, 100% used [0x00000000d5580000,0x00000000d6180000,0x00000000d6180000)
  from space 1024K, 72% used [0x00000000d6180000,0x00000000d623a918,0x00000000d6280000)
  to   space 1024K, 0% used [0x00000000d6280000,0x00000000d6280000,0x00000000d6380000)
 ParOldGen       total 70656K, used 59182K [0x0000000080000000, 0x0000000084500000, 0x00000000d5580000)
  object space 70656K, 83% used [0x0000000080000000,0x00000000839cb9a0,0x0000000084500000)
 Metaspace       used 59964K, committed 61376K, reserved 1114112K
  class space    used 6408K, committed 6976K, reserved 1048576K
}
Event: 96.397 GC heap after
{Heap after GC invocations=89 (full 3):
 PSYoungGen      total 13312K, used 929K [0x00000000d5580000, 0x00000000d6380000, 0x0000000100000000)
  eden space 12288K, 0% used [0x00000000d5580000,0x00000000d5580000,0x00000000d6180000)
  from space 1024K, 90% used [0x00000000d6280000,0x00000000d6368648,0x00000000d6380000)
  to   space 1024K, 0% used [0x00000000d6180000,0x00000000d6180000,0x00000000d6280000)
 ParOldGen       total 70656K, used 59795K [0x0000000080000000, 0x0000000084500000, 0x00000000d5580000)
  object space 70656K, 84% used [0x0000000080000000,0x0000000083a64c20,0x0000000084500000)
 Metaspace       used 59964K, committed 61376K, reserved 1114112K
  class space    used 6408K, committed 6976K, reserved 1048576K
}
Event: 96.425 GC heap before
{Heap before GC invocations=90 (full 3):
 PSYoungGen      total 13312K, used 13217K [0x00000000d5580000, 0x00000000d6380000, 0x0000000100000000)
  eden space 12288K, 100% used [0x00000000d5580000,0x00000000d6180000,0x00000000d6180000)
  from space 1024K, 90% used [0x00000000d6280000,0x00000000d6368648,0x00000000d6380000)
  to   space 1024K, 0% used [0x00000000d6180000,0x00000000d6180000,0x00000000d6280000)
 ParOldGen       total 70656K, used 59795K [0x0000000080000000, 0x0000000084500000, 0x00000000d5580000)
  object space 70656K, 84% used [0x0000000080000000,0x0000000083a64c20,0x0000000084500000)
 Metaspace       used 59966K, committed 61376K, reserved 1114112K
  class space    used 6408K, committed 6976K, reserved 1048576K
}
Event: 96.427 GC heap after
{Heap after GC invocations=90 (full 3):
 PSYoungGen      total 13312K, used 696K [0x00000000d5580000, 0x00000000d6380000, 0x0000000100000000)
  eden space 12288K, 0% used [0x00000000d5580000,0x00000000d5580000,0x00000000d6180000)
  from space 1024K, 68% used [0x00000000d6180000,0x00000000d622e3b0,0x00000000d6280000)
  to   space 1024K, 0% used [0x00000000d6280000,0x00000000d6280000,0x00000000d6380000)
 ParOldGen       total 70656K, used 60560K [0x0000000080000000, 0x0000000084500000, 0x00000000d5580000)
  object space 70656K, 85% used [0x0000000080000000,0x0000000083b24288,0x0000000084500000)
 Metaspace       used 59966K, committed 61376K, reserved 1114112K
  class space    used 6408K, committed 6976K, reserved 1048576K
}
Event: 96.483 GC heap before
{Heap before GC invocations=91 (full 3):
 PSYoungGen      total 13312K, used 12984K [0x00000000d5580000, 0x00000000d6380000, 0x0000000100000000)
  eden space 12288K, 100% used [0x00000000d5580000,0x00000000d6180000,0x00000000d6180000)
  from space 1024K, 68% used [0x00000000d6180000,0x00000000d622e3b0,0x00000000d6280000)
  to   space 1024K, 0% used [0x00000000d6280000,0x00000000d6280000,0x00000000d6380000)
 ParOldGen       total 70656K, used 60560K [0x0000000080000000, 0x0000000084500000, 0x00000000d5580000)
  object space 70656K, 85% used [0x0000000080000000,0x0000000083b24288,0x0000000084500000)
 Metaspace       used 59971K, committed 61376K, reserved 1114112K
  class space    used 6408K, committed 6976K, reserved 1048576K
}
Event: 96.485 GC heap after
{Heap after GC invocations=91 (full 3):
 PSYoungGen      total 13312K, used 659K [0x00000000d5580000, 0x00000000d6380000, 0x0000000100000000)
  eden space 12288K, 0% used [0x00000000d5580000,0x00000000d5580000,0x00000000d6180000)
  from space 1024K, 64% used [0x00000000d6280000,0x00000000d6324cb8,0x00000000d6380000)
  to   space 1024K, 0% used [0x00000000d6180000,0x00000000d6180000,0x00000000d6280000)
 ParOldGen       total 70656K, used 61844K [0x0000000080000000, 0x0000000084500000, 0x00000000d5580000)
  object space 70656K, 87% used [0x0000000080000000,0x0000000083c651c0,0x0000000084500000)
 Metaspace       used 59971K, committed 61376K, reserved 1114112K
  class space    used 6408K, committed 6976K, reserved 1048576K
}
Event: 96.552 GC heap before
{Heap before GC invocations=92 (full 3):
 PSYoungGen      total 13312K, used 12947K [0x00000000d5580000, 0x00000000d6380000, 0x0000000100000000)
  eden space 12288K, 100% used [0x00000000d5580000,0x00000000d6180000,0x00000000d6180000)
  from space 1024K, 64% used [0x00000000d6280000,0x00000000d6324cb8,0x00000000d6380000)
  to   space 1024K, 0% used [0x00000000d6180000,0x00000000d6180000,0x00000000d6280000)
 ParOldGen       total 70656K, used 61844K [0x0000000080000000, 0x0000000084500000, 0x00000000d5580000)
  object space 70656K, 87% used [0x0000000080000000,0x0000000083c651c0,0x0000000084500000)
 Metaspace       used 59973K, committed 61376K, reserved 1114112K
  class space    used 6408K, committed 6976K, reserved 1048576K
}
Event: 96.554 GC heap after
{Heap after GC invocations=92 (full 3):
 PSYoungGen      total 13312K, used 671K [0x00000000d5580000, 0x00000000d6380000, 0x0000000100000000)
  eden space 12288K, 0% used [0x00000000d5580000,0x00000000d5580000,0x00000000d6180000)
  from space 1024K, 65% used [0x00000000d6180000,0x00000000d6227e68,0x00000000d6280000)
  to   space 1024K, 0% used [0x00000000d6280000,0x00000000d6280000,0x00000000d6380000)
 ParOldGen       total 70656K, used 62417K [0x0000000080000000, 0x0000000084500000, 0x00000000d5580000)
  object space 70656K, 88% used [0x0000000080000000,0x0000000083cf4528,0x0000000084500000)
 Metaspace       used 59973K, committed 61376K, reserved 1114112K
  class space    used 6408K, committed 6976K, reserved 1048576K
}
Event: 96.620 GC heap before
{Heap before GC invocations=93 (full 3):
 PSYoungGen      total 13312K, used 12959K [0x00000000d5580000, 0x00000000d6380000, 0x0000000100000000)
  eden space 12288K, 100% used [0x00000000d5580000,0x00000000d6180000,0x00000000d6180000)
  from space 1024K, 65% used [0x00000000d6180000,0x00000000d6227e68,0x00000000d6280000)
  to   space 1024K, 0% used [0x00000000d6280000,0x00000000d6280000,0x00000000d6380000)
 ParOldGen       total 70656K, used 62417K [0x0000000080000000, 0x0000000084500000, 0x00000000d5580000)
  object space 70656K, 88% used [0x0000000080000000,0x0000000083cf4528,0x0000000084500000)
 Metaspace       used 59974K, committed 61376K, reserved 1114112K
  class space    used 6408K, committed 6976K, reserved 1048576K
}
Event: 96.622 GC heap after
{Heap after GC invocations=93 (full 3):
 PSYoungGen      total 13312K, used 819K [0x00000000d5580000, 0x00000000d6380000, 0x0000000100000000)
  eden space 12288K, 0% used [0x00000000d5580000,0x00000000d5580000,0x00000000d6180000)
  from space 1024K, 79% used [0x00000000d6280000,0x00000000d634cca0,0x00000000d6380000)
  to   space 1024K, 0% used [0x00000000d6180000,0x00000000d6180000,0x00000000d6280000)
 ParOldGen       total 70656K, used 63006K [0x0000000080000000, 0x0000000084500000, 0x00000000d5580000)
  object space 70656K, 89% used [0x0000000080000000,0x0000000083d87808,0x0000000084500000)
 Metaspace       used 59974K, committed 61376K, reserved 1114112K
  class space    used 6408K, committed 6976K, reserved 1048576K
}
Event: 96.689 GC heap before
{Heap before GC invocations=94 (full 3):
 PSYoungGen      total 13312K, used 13107K [0x00000000d5580000, 0x00000000d6380000, 0x0000000100000000)
  eden space 12288K, 100% used [0x00000000d5580000,0x00000000d6180000,0x00000000d6180000)
  from space 1024K, 79% used [0x00000000d6280000,0x00000000d634cca0,0x00000000d6380000)
  to   space 1024K, 0% used [0x00000000d6180000,0x00000000d6180000,0x00000000d6280000)
 ParOldGen       total 70656K, used 63006K [0x0000000080000000, 0x0000000084500000, 0x00000000d5580000)
  object space 70656K, 89% used [0x0000000080000000,0x0000000083d87808,0x0000000084500000)
 Metaspace       used 59975K, committed 61376K, reserved 1114112K
  class space    used 6408K, committed 6976K, reserved 1048576K
}
Event: 96.690 GC heap after
{Heap after GC invocations=94 (full 3):
 PSYoungGen      total 13312K, used 824K [0x00000000d5580000, 0x00000000d6380000, 0x0000000100000000)
  eden space 12288K, 0% used [0x00000000d5580000,0x00000000d5580000,0x00000000d6180000)
  from space 1024K, 80% used [0x00000000d6180000,0x00000000d624e218,0x00000000d6280000)
  to   space 1024K, 0% used [0x00000000d6280000,0x00000000d6280000,0x00000000d6380000)
 ParOldGen       total 70656K, used 63720K [0x0000000080000000, 0x0000000084500000, 0x00000000d5580000)
  object space 70656K, 90% used [0x0000000080000000,0x0000000083e3a320,0x0000000084500000)
 Metaspace       used 59975K, committed 61376K, reserved 1114112K
  class space    used 6408K, committed 6976K, reserved 1048576K
}
Event: 96.826 GC heap before
{Heap before GC invocations=95 (full 3):
 PSYoungGen      total 13312K, used 13112K [0x00000000d5580000, 0x00000000d6380000, 0x0000000100000000)
  eden space 12288K, 100% used [0x00000000d5580000,0x00000000d6180000,0x00000000d6180000)
  from space 1024K, 80% used [0x00000000d6180000,0x00000000d624e218,0x00000000d6280000)
  to   space 1024K, 0% used [0x00000000d6280000,0x00000000d6280000,0x00000000d6380000)
 ParOldGen       total 70656K, used 63720K [0x0000000080000000, 0x0000000084500000, 0x00000000d5580000)
  object space 70656K, 90% used [0x0000000080000000,0x0000000083e3a320,0x0000000084500000)
 Metaspace       used 60105K, committed 61504K, reserved 1114112K
  class space    used 6419K, committed 6976K, reserved 1048576K
}
Event: 96.829 GC heap after
{Heap after GC invocations=95 (full 3):
 PSYoungGen      total 12288K, used 1001K [0x00000000d5580000, 0x00000000d6580000, 0x0000000100000000)
  eden space 11264K, 0% used [0x00000000d5580000,0x00000000d5580000,0x00000000d6080000)
  from space 1024K, 97% used [0x00000000d6280000,0x00000000d637a590,0x00000000d6380000)
  to   space 2048K, 0% used [0x00000000d6080000,0x00000000d6080000,0x00000000d6280000)
 ParOldGen       total 70656K, used 64429K [0x0000000080000000, 0x0000000084500000, 0x00000000d5580000)
  object space 70656K, 91% used [0x0000000080000000,0x0000000083eeb488,0x0000000084500000)
 Metaspace       used 60105K, committed 61504K, reserved 1114112K
  class space    used 6419K, committed 6976K, reserved 1048576K
}
Event: 97.105 GC heap before
{Heap before GC invocations=96 (full 3):
 PSYoungGen      total 12288K, used 12265K [0x00000000d5580000, 0x00000000d6580000, 0x0000000100000000)
  eden space 11264K, 100% used [0x00000000d5580000,0x00000000d6080000,0x00000000d6080000)
  from space 1024K, 97% used [0x00000000d6280000,0x00000000d637a590,0x00000000d6380000)
  to   space 2048K, 0% used [0x00000000d6080000,0x00000000d6080000,0x00000000d6280000)
 ParOldGen       total 70656K, used 64429K [0x0000000080000000, 0x0000000084500000, 0x00000000d5580000)
  object space 70656K, 91% used [0x0000000080000000,0x0000000083eeb488,0x0000000084500000)
 Metaspace       used 60744K, committed 62208K, reserved 1114112K
  class space    used 6502K, committed 7104K, reserved 1048576K
}
Event: 97.109 GC heap after
{Heap after GC invocations=96 (full 3):
 PSYoungGen      total 12800K, used 1152K [0x00000000d5580000, 0x00000000d6380000, 0x0000000100000000)
  eden space 11264K, 0% used [0x00000000d5580000,0x00000000d5580000,0x00000000d6080000)
  from space 1536K, 75% used [0x00000000d6080000,0x00000000d61a0010,0x00000000d6200000)
  to   space 1536K, 0% used [0x00000000d6200000,0x00000000d6200000,0x00000000d6380000)
 ParOldGen       total 70656K, used 65390K [0x0000000080000000, 0x0000000084500000, 0x00000000d5580000)
  object space 70656K, 92% used [0x0000000080000000,0x0000000083fdba08,0x0000000084500000)
 Metaspace       used 60744K, committed 62208K, reserved 1114112K
  class space    used 6502K, committed 7104K, reserved 1048576K
}

